<?xml version="1.0" encoding="UTF-8"?>
<coverage generated="1776798446971" clover="3.2.0">
  <project timestamp="1776798446971" name="All files">
    <metrics statements="93" coveredstatements="73" conditionals="55" coveredconditionals="31" methods="47" coveredmethods="26" elements="195" coveredelements="130" complexity="0" loc="93" ncloc="93" packages="1" files="4" classes="4"/>
    <file name="FilterSection.jsx" path="D:\SQA-UNIT-TEST\agoda-fe\src-under-test\components\HomeAndApartment\FilterSection.jsx">
      <metrics statements="14" coveredstatements="12" conditionals="4" coveredconditionals="3" methods="7" coveredmethods="5"/>
      <line num="5" count="1" type="stmt"/>
      <line num="6" count="6" type="stmt"/>
      <line num="7" count="6" type="stmt"/>
      <line num="9" count="6" type="stmt"/>
      <line num="10" count="0" type="stmt"/>
      <line num="13" count="6" type="stmt"/>
      <line num="14" count="3" type="cond" truecount="1" falsecount="1"/>
      <line num="15" count="0" type="stmt"/>
      <line num="17" count="3" type="stmt"/>
      <line num="21" count="6" type="stmt"/>
      <line num="22" count="1" type="stmt"/>
      <line num="25" count="6" type="stmt"/>
      <line num="61" count="42" type="stmt"/>
      <line num="63" count="3" type="stmt"/>
    </file>
    <file name="ReviewCommentList.jsx" path="D:\SQA-UNIT-TEST\agoda-fe\src-under-test\components\HomeAndApartment\ReviewCommentList.jsx">
      <metrics statements="2" coveredstatements="2" conditionals="0" coveredconditionals="0" methods="1" coveredmethods="1"/>
      <line num="3" count="1" type="stmt"/>
      <line num="4" count="3" type="stmt"/>
    </file>
    <file name="ReviewTabView.jsx" path="D:\SQA-UNIT-TEST\agoda-fe\src-under-test\components\HomeAndApartment\ReviewTabView.jsx">
      <metrics statements="18" coveredstatements="16" conditionals="6" coveredconditionals="5" methods="8" coveredmethods="7"/>
      <line num="5" count="1" type="stmt"/>
      <line num="6" count="3" type="stmt"/>
      <line num="7" count="3" type="stmt"/>
      <line num="9" count="3" type="stmt"/>
      <line num="15" count="3" type="stmt"/>
      <line num="16" count="3" type="stmt"/>
      <line num="58" count="24" type="stmt"/>
      <line num="62" count="1" type="stmt"/>
      <line num="74" count="3" type="stmt"/>
      <line num="75" count="15" type="stmt"/>
      <line num="76" count="15" type="stmt"/>
      <line num="93" count="3" type="stmt"/>
      <line num="94" count="3" type="cond" truecount="1" falsecount="1"/>
      <line num="96" count="3" type="stmt"/>
      <line num="141" count="0" type="stmt"/>
      <line num="145" count="3" type="stmt"/>
      <line num="149" count="9" type="stmt"/>
      <line num="153" count="0" type="stmt"/>
    </file>
    <file name="SearchBarSection.jsx" path="D:\SQA-UNIT-TEST\agoda-fe\src-under-test\components\HomeAndApartment\SearchBarSection.jsx">
      <metrics statements="59" coveredstatements="43" conditionals="45" coveredconditionals="23" methods="31" coveredmethods="13"/>
      <line num="5" count="1" type="stmt"/>
      <line num="6" count="7" type="stmt"/>
      <line num="7" count="7" type="stmt"/>
      <line num="8" count="7" type="stmt"/>
      <line num="9" count="7" type="stmt"/>
      <line num="10" count="7" type="stmt"/>
      <line num="11" count="7" type="stmt"/>
      <line num="12" count="7" type="stmt"/>
      <line num="13" count="7" type="stmt"/>
      <line num="14" count="7" type="stmt"/>
      <line num="15" count="7" type="stmt"/>
      <line num="16" count="7" type="stmt"/>
      <line num="18" count="7" type="stmt"/>
      <line num="19" count="1" type="stmt"/>
      <line num="20" count="1" type="stmt"/>
      <line num="23" count="7" type="stmt"/>
      <line num="24" count="1" type="stmt"/>
      <line num="27" count="7" type="stmt"/>
      <line num="28" count="7" type="cond" truecount="0" falsecount="2"/>
      <line num="29" count="7" type="stmt"/>
      <line num="30" count="7" type="cond" truecount="0" falsecount="2"/>
      <line num="31" count="7" type="stmt"/>
      <line num="32" count="7" type="cond" truecount="0" falsecount="2"/>
      <line num="34" count="7" type="stmt"/>
      <line num="35" count="0" type="stmt"/>
      <line num="38" count="7" type="stmt"/>
      <line num="39" count="1" type="stmt"/>
      <line num="40" count="1" type="cond" truecount="1" falsecount="1"/>
      <line num="41" count="1" type="stmt"/>
      <line num="42" count="0" type="cond" truecount="0" falsecount="2"/>
      <line num="43" count="0" type="stmt"/>
      <line num="45" count="1" type="stmt"/>
      <line num="48" count="7" type="stmt"/>
      <line num="49" count="0" type="cond" truecount="0" falsecount="2"/>
      <line num="52" count="7" type="stmt"/>
      <line num="53" count="0" type="cond" truecount="0" falsecount="2"/>
      <line num="56" count="7" type="stmt"/>
      <line num="57" count="1" type="stmt"/>
      <line num="60" count="7" type="stmt"/>
      <line num="61" count="62" type="cond" truecount="1" falsecount="1"/>
      <line num="62" count="0" type="stmt"/>
      <line num="63" count="0" type="stmt"/>
      <line num="65" count="0" type="cond" truecount="0" falsecount="2"/>
      <line num="66" count="0" type="stmt"/>
      <line num="69" count="0" type="stmt"/>
      <line num="71" count="62" type="stmt"/>
      <line num="74" count="7" type="stmt"/>
      <line num="87" count="1" type="stmt"/>
      <line num="95" count="0" type="stmt"/>
      <line num="121" count="0" type="stmt"/>
      <line num="128" count="0" type="stmt"/>
      <line num="135" count="0" type="stmt"/>
      <line num="162" count="31" type="stmt"/>
      <line num="164" count="31" type="cond" truecount="3" falsecount="0"/>
      <line num="168" count="31" type="cond" truecount="1" falsecount="2"/>
      <line num="172" count="31" type="stmt"/>
      <line num="175" count="1" type="stmt"/>
      <line num="198" count="0" type="stmt"/>
      <line num="199" count="0" type="stmt"/>
    </file>
  </project>
</coverage>
