<?xml version="1.0" encoding="UTF-8"?>
<coverage generated="1776795567361" clover="3.2.0">
  <project timestamp="1776795567362" name="All files">
    <metrics statements="94" coveredstatements="89" conditionals="98" coveredconditionals="65" methods="38" coveredmethods="34" elements="230" coveredelements="188" complexity="0" loc="94" ncloc="94" packages="2" files="6" classes="6"/>
    <package name="City">
      <metrics statements="25" coveredstatements="25" conditionals="8" coveredconditionals="5" methods="8" coveredmethods="8"/>
      <file name="Banner.jsx" path="D:\SQA-UNIT-TEST\agoda-fe\src-under-test\components\City\Banner.jsx">
        <metrics statements="7" coveredstatements="7" conditionals="2" coveredconditionals="2" methods="2" coveredmethods="2"/>
        <line num="5" count="1" type="stmt"/>
        <line num="6" count="3" type="stmt"/>
        <line num="7" count="3" type="stmt"/>
        <line num="8" count="3" type="stmt"/>
        <line num="9" count="3" type="stmt"/>
        <line num="12" count="3" type="stmt"/>
        <line num="14" count="3" type="stmt"/>
      </file>
      <file name="Footer.jsx" path="D:\SQA-UNIT-TEST\agoda-fe\src-under-test\components\City\Footer.jsx">
        <metrics statements="18" coveredstatements="18" conditionals="6" coveredconditionals="3" methods="6" coveredmethods="6"/>
        <line num="7" count="1" type="stmt"/>
        <line num="8" count="2" type="stmt"/>
        <line num="9" count="2" type="stmt"/>
        <line num="11" count="2" type="stmt"/>
        <line num="12" count="1" type="stmt"/>
        <line num="13" count="1" type="cond" truecount="1" falsecount="1"/>
        <line num="14" count="1" type="stmt"/>
        <line num="18" count="2" type="stmt"/>
        <line num="19" count="1" type="stmt"/>
        <line num="20" count="1" type="cond" truecount="1" falsecount="1"/>
        <line num="21" count="1" type="stmt"/>
        <line num="25" count="2" type="stmt"/>
        <line num="26" count="1" type="cond" truecount="1" falsecount="1"/>
        <line num="27" count="1" type="stmt"/>
        <line num="30" count="1" type="stmt"/>
        <line num="34" count="2" type="stmt"/>
        <line num="44" count="1" type="stmt"/>
        <line num="66" count="1" type="stmt"/>
      </file>
    </package>
    <package name="City.TopHotel">
      <metrics statements="69" coveredstatements="64" conditionals="90" coveredconditionals="60" methods="30" coveredmethods="26"/>
      <file name="FilterGroup.jsx" path="D:\SQA-UNIT-TEST\agoda-fe\src-under-test\components\City\TopHotel\FilterGroup.jsx">
        <metrics statements="4" coveredstatements="4" conditionals="0" coveredconditionals="0" methods="3" coveredmethods="3"/>
        <line num="3" count="1" type="stmt"/>
        <line num="4" count="1" type="stmt"/>
        <line num="9" count="1" type="stmt"/>
        <line num="19" count="1" type="stmt"/>
      </file>
      <file name="HotelCard.jsx" path="D:\SQA-UNIT-TEST\agoda-fe\src-under-test\components\City\TopHotel\HotelCard.jsx">
        <metrics statements="11" coveredstatements="8" conditionals="22" coveredconditionals="21" methods="9" coveredmethods="6"/>
        <line num="7" count="1" type="stmt"/>
        <line num="8" count="2" type="stmt"/>
        <line num="15" count="2" type="stmt"/>
        <line num="33" count="16" type="stmt"/>
        <line num="72" count="8" type="stmt"/>
        <line num="82" count="0" type="stmt"/>
        <line num="97" count="0" type="stmt"/>
        <line num="108" count="4" type="stmt"/>
        <line num="129" count="1" type="stmt"/>
        <line num="130" count="1" type="stmt"/>
        <line num="172" count="0" type="stmt"/>
      </file>
      <file name="SortBar.jsx" path="D:\SQA-UNIT-TEST\agoda-fe\src-under-test\components\City\TopHotel\SortBar.jsx">
        <metrics statements="4" coveredstatements="4" conditionals="2" coveredconditionals="1" methods="3" coveredmethods="3"/>
        <line num="4" count="1" type="stmt"/>
        <line num="5" count="1" type="stmt"/>
        <line num="7" count="1" type="stmt"/>
        <line num="14" count="1" type="stmt"/>
      </file>
      <file name="index.jsx" path="D:\SQA-UNIT-TEST\agoda-fe\src-under-test\components\City\TopHotel\index.jsx">
        <metrics statements="50" coveredstatements="48" conditionals="66" coveredconditionals="38" methods="15" coveredmethods="14"/>
        <line num="12" count="1" type="stmt"/>
        <line num="13" count="6" type="cond" truecount="2" falsecount="0"/>
        <line num="14" count="2" type="stmt"/>
        <line num="19" count="4" type="cond" truecount="4" falsecount="0"/>
        <line num="20" count="3" type="stmt"/>
        <line num="28" count="1" type="stmt"/>
        <line num="31" count="1" type="cond" truecount="1" falsecount="1"/>
        <line num="38" count="1" type="stmt"/>
        <line num="39" count="1" type="stmt"/>
        <line num="40" count="1" type="cond" truecount="1" falsecount="1"/>
        <line num="41" count="1" type="stmt"/>
        <line num="42" count="1" type="cond" truecount="1" falsecount="1"/>
        <line num="43" count="1" type="stmt"/>
        <line num="44" count="1" type="cond" truecount="1" falsecount="1"/>
        <line num="46" count="2" type="stmt"/>
        <line num="47" count="2" type="stmt"/>
        <line num="52" count="1" type="stmt"/>
        <line num="56" count="1" type="cond" truecount="1" falsecount="1"/>
        <line num="77" count="1" type="stmt"/>
        <line num="78" count="1" type="cond" truecount="1" falsecount="1"/>
        <line num="88" count="1" type="stmt"/>
        <line num="89" count="6" type="stmt"/>
        <line num="91" count="6" type="stmt"/>
        <line num="92" count="6" type="stmt"/>
        <line num="93" count="6" type="stmt"/>
        <line num="94" count="6" type="stmt"/>
        <line num="98" count="6" type="stmt"/>
        <line num="100" count="6" type="stmt"/>
        <line num="102" count="6" type="stmt"/>
        <line num="109" count="6" type="stmt"/>
        <line num="124" count="6" type="stmt"/>
        <line num="130" count="6" type="stmt"/>
        <line num="131" count="2" type="stmt"/>
        <line num="132" count="2" type="stmt"/>
        <line num="134" count="2" type="cond" truecount="1" falsecount="1"/>
        <line num="135" count="2" type="stmt"/>
        <line num="136" count="2" type="stmt"/>
        <line num="143" count="0" type="cond" truecount="0" falsecount="2"/>
        <line num="145" count="2" type="stmt"/>
        <line num="148" count="6" type="stmt"/>
        <line num="149" count="2" type="cond" truecount="1" falsecount="1"/>
        <line num="150" count="2" type="stmt"/>
        <line num="151" count="2" type="stmt"/>
        <line num="181" count="6" type="stmt"/>
        <line num="182" count="0" type="stmt"/>
        <line num="189" count="6" type="stmt"/>
        <line num="191" count="6" type="stmt"/>
        <line num="192" count="2" type="cond" truecount="1" falsecount="1"/>
        <line num="195" count="6" type="stmt"/>
        <line num="205" count="6" type="stmt"/>
      </file>
    </package>
  </project>
</coverage>
