{"D:\\SQA-UNIT-TEST\\agoda-fe\\src-under-test\\components\\HomeAndApartment\\FilterSection.jsx": {"path":"D:\\SQA-UNIT-TEST\\agoda-fe\\src-under-test\\components\\HomeAndApartment\\FilterSection.jsx","statementMap":{"0":{"start":{"line":5,"column":22},"end":{"line":77,"column":1}},"1":{"start":{"line":6,"column":50},"end":{"line":6,"column":65}},"2":{"start":{"line":7,"column":50},"end":{"line":7,"column":62}},"3":{"start":{"line":9,"column":34},"end":{"line":11,"column":5}},"4":{"start":{"line":10,"column":8},"end":{"line":10,"column":45}},"5":{"start":{"line":13,"column":34},"end":{"line":19,"column":5}},"6":{"start":{"line":14,"column":8},"end":{"line":18,"column":9}},"7":{"start":{"line":15,"column":12},"end":{"line":15,"column":82}},"8":{"start":{"line":15,"column":64},"end":{"line":15,"column":79}},"9":{"start":{"line":17,"column":12},"end":{"line":17,"column":61}},"10":{"start":{"line":21,"column":28},"end":{"line":23,"column":5}},"11":{"start":{"line":22,"column":8},"end":{"line":22,"column":31}},"12":{"start":{"line":25,"column":4},"end":{"line":76,"column":6}},"13":{"start":{"line":61,"column":24},"end":{"line":71,"column":33}},"14":{"start":{"line":63,"column":43},"end":{"line":63,"column":78}}},"fnMap":{"0":{"name":"(anonymous_0)","decl":{"start":{"line":5,"column":22},"end":{"line":5,"column":23}},"loc":{"start":{"line":5,"column":28},"end":{"line":77,"column":1}},"line":5},"1":{"name":"(anonymous_1)","decl":{"start":{"line":9,"column":34},"end":{"line":9,"column":35}},"loc":{"start":{"line":9,"column":40},"end":{"line":11,"column":5}},"line":9},"2":{"name":"(anonymous_2)","decl":{"start":{"line":13,"column":34},"end":{"line":13,"column":35}},"loc":{"start":{"line":13,"column":46},"end":{"line":19,"column":5}},"line":13},"3":{"name":"(anonymous_3)","decl":{"start":{"line":15,"column":54},"end":{"line":15,"column":55}},"loc":{"start":{"line":15,"column":64},"end":{"line":15,"column":79}},"line":15},"4":{"name":"(anonymous_4)","decl":{"start":{"line":21,"column":28},"end":{"line":21,"column":29}},"loc":{"start":{"line":21,"column":34},"end":{"line":23,"column":5}},"line":21},"5":{"name":"(anonymous_5)","decl":{"start":{"line":60,"column":26},"end":{"line":60,"column":27}},"loc":{"start":{"line":61,"column":24},"end":{"line":71,"column":33}},"line":61},"6":{"name":"(anonymous_6)","decl":{"start":{"line":63,"column":37},"end":{"line":63,"column":38}},"loc":{"start":{"line":63,"column":43},"end":{"line":63,"column":78}},"line":63}},"branchMap":{"0":{"loc":{"start":{"line":14,"column":8},"end":{"line":18,"column":9}},"type":"if","locations":[{"start":{"line":14,"column":8},"end":{"line":18,"column":9}},{"start":{"line":16,"column":15},"end":{"line":18,"column":9}}],"line":14},"1":{"loc":{"start":{"line":65,"column":32},"end":{"line":67,"column":78}},"type":"cond-expr","locations":[{"start":{"line":66,"column":38},"end":{"line":66,"column":62}},{"start":{"line":67,"column":38},"end":{"line":67,"column":78}}],"line":65}},"s":{"0":1,"1":6,"2":6,"3":6,"4":0,"5":6,"6":3,"7":0,"8":0,"9":3,"10":6,"11":1,"12":6,"13":42,"14":3},"f":{"0":6,"1":0,"2":3,"3":0,"4":1,"5":42,"6":3},"b":{"0":[0,3],"1":[4,38]},"_coverageSchema":"1a1c01bbd47fc00a2c39e90264f33305004495a9","hash":"f9c5db2fc855b9a4ac5272fe5c9c9606512b1a03"}
,"D:\\SQA-UNIT-TEST\\agoda-fe\\src-under-test\\components\\HomeAndApartment\\ReviewCommentList.jsx": {"path":"D:\\SQA-UNIT-TEST\\agoda-fe\\src-under-test\\components\\HomeAndApartment\\ReviewCommentList.jsx","statementMap":{"0":{"start":{"line":3,"column":23},"end":{"line":5,"column":1}},"1":{"start":{"line":4,"column":4},"end":{"line":4,"column":43}}},"fnMap":{"0":{"name":"(anonymous_0)","decl":{"start":{"line":3,"column":23},"end":{"line":3,"column":24}},"loc":{"start":{"line":3,"column":29},"end":{"line":5,"column":1}},"line":3}},"branchMap":{},"s":{"0":1,"1":3},"f":{"0":3},"b":{},"_coverageSchema":"1a1c01bbd47fc00a2c39e90264f33305004495a9","hash":"2c51c1f9f8451fbe964d7499060c415903d7a875"}
,"D:\\SQA-UNIT-TEST\\agoda-fe\\src-under-test\\components\\HomeAndApartment\\ReviewTabView.jsx": {"path":"D:\\SQA-UNIT-TEST\\agoda-fe\\src-under-test\\components\\HomeAndApartment\\ReviewTabView.jsx","statementMap":{"0":{"start":{"line":5,"column":22},"end":{"line":165,"column":1}},"1":{"start":{"line":6,"column":38},"end":{"line":6,"column":55}},"2":{"start":{"line":7,"column":42},"end":{"line":7,"column":53}},"3":{"start":{"line":9,"column":17},"end":{"line":13,"column":5}},"4":{"start":{"line":15,"column":39},"end":{"line":72,"column":5}},"5":{"start":{"line":16,"column":8},"end":{"line":71,"column":14}},"6":{"start":{"line":58,"column":20},"end":{"line":65,"column":29}},"7":{"start":{"line":62,"column":39},"end":{"line":62,"column":64}},"8":{"start":{"line":74,"column":30},"end":{"line":91,"column":5}},"9":{"start":{"line":75,"column":27},"end":{"line":75,"column":45}},"10":{"start":{"line":76,"column":8},"end":{"line":90,"column":10}},"11":{"start":{"line":93,"column":29},"end":{"line":143,"column":5}},"12":{"start":{"line":94,"column":8},"end":{"line":142,"column":9}},"13":{"start":{"line":96,"column":16},"end":{"line":139,"column":18}},"14":{"start":{"line":141,"column":16},"end":{"line":141,"column":28}},"15":{"start":{"line":145,"column":4},"end":{"line":164,"column":6}},"16":{"start":{"line":149,"column":20},"end":{"line":156,"column":29}},"17":{"start":{"line":153,"column":39},"end":{"line":153,"column":59}}},"fnMap":{"0":{"name":"(anonymous_0)","decl":{"start":{"line":5,"column":22},"end":{"line":5,"column":23}},"loc":{"start":{"line":5,"column":28},"end":{"line":165,"column":1}},"line":5},"1":{"name":"(anonymous_1)","decl":{"start":{"line":15,"column":39},"end":{"line":15,"column":40}},"loc":{"start":{"line":16,"column":8},"end":{"line":71,"column":14}},"line":16},"2":{"name":"(anonymous_2)","decl":{"start":{"line":57,"column":35},"end":{"line":57,"column":36}},"loc":{"start":{"line":58,"column":20},"end":{"line":65,"column":29}},"line":58},"3":{"name":"(anonymous_3)","decl":{"start":{"line":62,"column":33},"end":{"line":62,"column":34}},"loc":{"start":{"line":62,"column":39},"end":{"line":62,"column":64}},"line":62},"4":{"name":"(anonymous_4)","decl":{"start":{"line":74,"column":30},"end":{"line":74,"column":31}},"loc":{"start":{"line":74,"column":55},"end":{"line":91,"column":5}},"line":74},"5":{"name":"(anonymous_5)","decl":{"start":{"line":93,"column":29},"end":{"line":93,"column":30}},"loc":{"start":{"line":93,"column":35},"end":{"line":143,"column":5}},"line":93},"6":{"name":"(anonymous_6)","decl":{"start":{"line":148,"column":26},"end":{"line":148,"column":27}},"loc":{"start":{"line":149,"column":20},"end":{"line":156,"column":29}},"line":149},"7":{"name":"(anonymous_7)","decl":{"start":{"line":153,"column":33},"end":{"line":153,"column":34}},"loc":{"start":{"line":153,"column":39},"end":{"line":153,"column":59}},"line":153}},"branchMap":{"0":{"loc":{"start":{"line":60,"column":66},"end":{"line":60,"column":145}},"type":"cond-expr","locations":[{"start":{"line":60,"column":94},"end":{"line":60,"column":118}},{"start":{"line":60,"column":121},"end":{"line":60,"column":145}}],"line":60},"1":{"loc":{"start":{"line":94,"column":8},"end":{"line":142,"column":9}},"type":"switch","locations":[{"start":{"line":95,"column":12},"end":{"line":139,"column":18}},{"start":{"line":140,"column":12},"end":{"line":141,"column":28}}],"line":94},"2":{"loc":{"start":{"line":151,"column":56},"end":{"line":151,"column":139}},"type":"cond-expr","locations":[{"start":{"line":151,"column":79},"end":{"line":151,"column":121}},{"start":{"line":151,"column":124},"end":{"line":151,"column":139}}],"line":151}},"s":{"0":1,"1":3,"2":3,"3":3,"4":3,"5":3,"6":24,"7":1,"8":3,"9":15,"10":15,"11":3,"12":3,"13":3,"14":0,"15":3,"16":9,"17":0},"f":{"0":3,"1":3,"2":24,"3":1,"4":15,"5":3,"6":9,"7":0},"b":{"0":[3,21],"1":[3,0],"2":[3,6]},"_coverageSchema":"1a1c01bbd47fc00a2c39e90264f33305004495a9","hash":"0f0161a9cb78d1b9581e49c7bc25251ed2fe3f9c"}
,"D:\\SQA-UNIT-TEST\\agoda-fe\\src-under-test\\components\\HomeAndApartment\\SearchBarSection.jsx": {"path":"D:\\SQA-UNIT-TEST\\agoda-fe\\src-under-test\\components\\HomeAndApartment\\SearchBarSection.jsx","statementMap":{"0":{"start":{"line":5,"column":18},"end":{"line":266,"column":1}},"1":{"start":{"line":6,"column":52},"end":{"line":6,"column":67}},"2":{"start":{"line":7,"column":38},"end":{"line":7,"column":59}},"3":{"start":{"line":8,"column":46},"end":{"line":8,"column":73}},"4":{"start":{"line":9,"column":46},"end":{"line":9,"column":73}},"5":{"start":{"line":10,"column":44},"end":{"line":10,"column":55}},"6":{"start":{"line":11,"column":24},"end":{"line":11,"column":28}},"7":{"start":{"line":12,"column":44},"end":{"line":12,"column":58}},"8":{"start":{"line":13,"column":48},"end":{"line":13,"column":63}},"9":{"start":{"line":14,"column":30},"end":{"line":14,"column":41}},"10":{"start":{"line":15,"column":32},"end":{"line":15,"column":43}},"11":{"start":{"line":16,"column":36},"end":{"line":16,"column":47}},"12":{"start":{"line":18,"column":29},"end":{"line":21,"column":5}},"13":{"start":{"line":19,"column":8},"end":{"line":19,"column":32}},"14":{"start":{"line":20,"column":8},"end":{"line":20,"column":47}},"15":{"start":{"line":23,"column":27},"end":{"line":25,"column":5}},"16":{"start":{"line":24,"column":8},"end":{"line":24,"column":43}},"17":{"start":{"line":27,"column":27},"end":{"line":27,"column":61}},"18":{"start":{"line":27,"column":33},"end":{"line":27,"column":61}},"19":{"start":{"line":27,"column":52},"end":{"line":27,"column":60}},"20":{"start":{"line":28,"column":27},"end":{"line":28,"column":78}},"21":{"start":{"line":28,"column":33},"end":{"line":28,"column":78}},"22":{"start":{"line":28,"column":53},"end":{"line":28,"column":76}},"23":{"start":{"line":29,"column":28},"end":{"line":29,"column":63}},"24":{"start":{"line":29,"column":34},"end":{"line":29,"column":63}},"25":{"start":{"line":29,"column":54},"end":{"line":29,"column":62}},"26":{"start":{"line":30,"column":28},"end":{"line":30,"column":80}},"27":{"start":{"line":30,"column":34},"end":{"line":30,"column":80}},"28":{"start":{"line":30,"column":55},"end":{"line":30,"column":78}},"29":{"start":{"line":31,"column":30},"end":{"line":31,"column":67}},"30":{"start":{"line":31,"column":36},"end":{"line":31,"column":67}},"31":{"start":{"line":31,"column":58},"end":{"line":31,"column":66}},"32":{"start":{"line":32,"column":30},"end":{"line":32,"column":84}},"33":{"start":{"line":32,"column":36},"end":{"line":32,"column":84}},"34":{"start":{"line":32,"column":59},"end":{"line":32,"column":82}},"35":{"start":{"line":34,"column":28},"end":{"line":36,"column":5}},"36":{"start":{"line":35,"column":8},"end":{"line":35,"column":26}},"37":{"start":{"line":38,"column":29},"end":{"line":46,"column":5}},"38":{"start":{"line":39,"column":24},"end":{"line":39,"column":69}},"39":{"start":{"line":40,"column":8},"end":{"line":44,"column":9}},"40":{"start":{"line":41,"column":12},"end":{"line":41,"column":38}},"41":{"start":{"line":42,"column":15},"end":{"line":44,"column":9}},"42":{"start":{"line":43,"column":12},"end":{"line":43,"column":38}},"43":{"start":{"line":45,"column":8},"end":{"line":45,"column":35}},"44":{"start":{"line":48,"column":28},"end":{"line":50,"column":5}},"45":{"start":{"line":49,"column":8},"end":{"line":49,"column":77}},"46":{"start":{"line":49,"column":40},"end":{"line":49,"column":74}},"47":{"start":{"line":52,"column":28},"end":{"line":54,"column":5}},"48":{"start":{"line":53,"column":8},"end":{"line":53,"column":77}},"49":{"start":{"line":53,"column":40},"end":{"line":53,"column":74}},"50":{"start":{"line":56,"column":27},"end":{"line":58,"column":5}},"51":{"start":{"line":57,"column":8},"end":{"line":57,"column":50}},"52":{"start":{"line":60,"column":27},"end":{"line":72,"column":5}},"53":{"start":{"line":61,"column":8},"end":{"line":70,"column":9}},"54":{"start":{"line":62,"column":53},"end":{"line":62,"column":77}},"55":{"start":{"line":63,"column":27},"end":{"line":63,"column":51}},"56":{"start":{"line":65,"column":12},"end":{"line":67,"column":13}},"57":{"start":{"line":66,"column":16},"end":{"line":66,"column":29}},"58":{"start":{"line":69,"column":12},"end":{"line":69,"column":49}},"59":{"start":{"line":71,"column":8},"end":{"line":71,"column":21}},"60":{"start":{"line":74,"column":4},"end":{"line":265,"column":6}},"61":{"start":{"line":87,"column":35},"end":{"line":87,"column":62}},"62":{"start":{"line":95,"column":35},"end":{"line":95,"column":62}},"63":{"start":{"line":121,"column":43},"end":{"line":121,"column":71}},"64":{"start":{"line":128,"column":43},"end":{"line":128,"column":69}},"65":{"start":{"line":135,"column":43},"end":{"line":135,"column":70}},"66":{"start":{"line":162,"column":48},"end":{"line":162,"column":57}},"67":{"start":{"line":164,"column":40},"end":{"line":166,"column":94}},"68":{"start":{"line":168,"column":40},"end":{"line":170,"column":94}},"69":{"start":{"line":172,"column":36},"end":{"line":186,"column":38}},"70":{"start":{"line":175,"column":59},"end":{"line":175,"column":80}},"71":{"start":{"line":198,"column":24},"end":{"line":198,"column":51}},"72":{"start":{"line":199,"column":24},"end":{"line":199,"column":49}}},"fnMap":{"0":{"name":"(anonymous_0)","decl":{"start":{"line":5,"column":18},"end":{"line":5,"column":19}},"loc":{"start":{"line":5,"column":24},"end":{"line":266,"column":1}},"line":5},"1":{"name":"(anonymous_1)","decl":{"start":{"line":18,"column":29},"end":{"line":18,"column":30}},"loc":{"start":{"line":18,"column":41},"end":{"line":21,"column":5}},"line":18},"2":{"name":"(anonymous_2)","decl":{"start":{"line":23,"column":27},"end":{"line":23,"column":28}},"loc":{"start":{"line":23,"column":33},"end":{"line":25,"column":5}},"line":23},"3":{"name":"(anonymous_3)","decl":{"start":{"line":27,"column":27},"end":{"line":27,"column":28}},"loc":{"start":{"line":27,"column":33},"end":{"line":27,"column":61}},"line":27},"4":{"name":"(anonymous_4)","decl":{"start":{"line":27,"column":42},"end":{"line":27,"column":43}},"loc":{"start":{"line":27,"column":52},"end":{"line":27,"column":60}},"line":27},"5":{"name":"(anonymous_5)","decl":{"start":{"line":28,"column":27},"end":{"line":28,"column":28}},"loc":{"start":{"line":28,"column":33},"end":{"line":28,"column":78}},"line":28},"6":{"name":"(anonymous_6)","decl":{"start":{"line":28,"column":42},"end":{"line":28,"column":43}},"loc":{"start":{"line":28,"column":53},"end":{"line":28,"column":76}},"line":28},"7":{"name":"(anonymous_7)","decl":{"start":{"line":29,"column":28},"end":{"line":29,"column":29}},"loc":{"start":{"line":29,"column":34},"end":{"line":29,"column":63}},"line":29},"8":{"name":"(anonymous_8)","decl":{"start":{"line":29,"column":44},"end":{"line":29,"column":45}},"loc":{"start":{"line":29,"column":54},"end":{"line":29,"column":62}},"line":29},"9":{"name":"(anonymous_9)","decl":{"start":{"line":30,"column":28},"end":{"line":30,"column":29}},"loc":{"start":{"line":30,"column":34},"end":{"line":30,"column":80}},"line":30},"10":{"name":"(anonymous_10)","decl":{"start":{"line":30,"column":44},"end":{"line":30,"column":45}},"loc":{"start":{"line":30,"column":55},"end":{"line":30,"column":78}},"line":30},"11":{"name":"(anonymous_11)","decl":{"start":{"line":31,"column":30},"end":{"line":31,"column":31}},"loc":{"start":{"line":31,"column":36},"end":{"line":31,"column":67}},"line":31},"12":{"name":"(anonymous_12)","decl":{"start":{"line":31,"column":48},"end":{"line":31,"column":49}},"loc":{"start":{"line":31,"column":58},"end":{"line":31,"column":66}},"line":31},"13":{"name":"(anonymous_13)","decl":{"start":{"line":32,"column":30},"end":{"line":32,"column":31}},"loc":{"start":{"line":32,"column":36},"end":{"line":32,"column":84}},"line":32},"14":{"name":"(anonymous_14)","decl":{"start":{"line":32,"column":48},"end":{"line":32,"column":49}},"loc":{"start":{"line":32,"column":59},"end":{"line":32,"column":82}},"line":32},"15":{"name":"(anonymous_15)","decl":{"start":{"line":34,"column":28},"end":{"line":34,"column":29}},"loc":{"start":{"line":34,"column":37},"end":{"line":36,"column":5}},"line":34},"16":{"name":"(anonymous_16)","decl":{"start":{"line":38,"column":29},"end":{"line":38,"column":30}},"loc":{"start":{"line":38,"column":38},"end":{"line":46,"column":5}},"line":38},"17":{"name":"(anonymous_17)","decl":{"start":{"line":48,"column":28},"end":{"line":48,"column":29}},"loc":{"start":{"line":48,"column":34},"end":{"line":50,"column":5}},"line":48},"18":{"name":"(anonymous_18)","decl":{"start":{"line":49,"column":24},"end":{"line":49,"column":25}},"loc":{"start":{"line":49,"column":40},"end":{"line":49,"column":74}},"line":49},"19":{"name":"(anonymous_19)","decl":{"start":{"line":52,"column":28},"end":{"line":52,"column":29}},"loc":{"start":{"line":52,"column":34},"end":{"line":54,"column":5}},"line":52},"20":{"name":"(anonymous_20)","decl":{"start":{"line":53,"column":24},"end":{"line":53,"column":25}},"loc":{"start":{"line":53,"column":40},"end":{"line":53,"column":74}},"line":53},"21":{"name":"(anonymous_21)","decl":{"start":{"line":56,"column":27},"end":{"line":56,"column":28}},"loc":{"start":{"line":56,"column":44},"end":{"line":58,"column":5}},"line":56},"22":{"name":"(anonymous_22)","decl":{"start":{"line":60,"column":27},"end":{"line":60,"column":28}},"loc":{"start":{"line":60,"column":36},"end":{"line":72,"column":5}},"line":60},"23":{"name":"(anonymous_23)","decl":{"start":{"line":87,"column":29},"end":{"line":87,"column":30}},"loc":{"start":{"line":87,"column":35},"end":{"line":87,"column":62}},"line":87},"24":{"name":"(anonymous_24)","decl":{"start":{"line":95,"column":29},"end":{"line":95,"column":30}},"loc":{"start":{"line":95,"column":35},"end":{"line":95,"column":62}},"line":95},"25":{"name":"(anonymous_25)","decl":{"start":{"line":121,"column":37},"end":{"line":121,"column":38}},"loc":{"start":{"line":121,"column":43},"end":{"line":121,"column":71}},"line":121},"26":{"name":"(anonymous_26)","decl":{"start":{"line":128,"column":37},"end":{"line":128,"column":38}},"loc":{"start":{"line":128,"column":43},"end":{"line":128,"column":69}},"line":128},"27":{"name":"(anonymous_27)","decl":{"start":{"line":135,"column":37},"end":{"line":135,"column":38}},"loc":{"start":{"line":135,"column":43},"end":{"line":135,"column":70}},"line":135},"28":{"name":"(anonymous_28)","decl":{"start":{"line":161,"column":103},"end":{"line":161,"column":104}},"loc":{"start":{"line":161,"column":117},"end":{"line":187,"column":33}},"line":161},"29":{"name":"(anonymous_29)","decl":{"start":{"line":175,"column":53},"end":{"line":175,"column":54}},"loc":{"start":{"line":175,"column":59},"end":{"line":175,"column":80}},"line":175},"30":{"name":"(anonymous_30)","decl":{"start":{"line":197,"column":29},"end":{"line":197,"column":30}},"loc":{"start":{"line":197,"column":35},"end":{"line":200,"column":21}},"line":197}},"branchMap":{"0":{"loc":{"start":{"line":28,"column":53},"end":{"line":28,"column":76}},"type":"cond-expr","locations":[{"start":{"line":28,"column":64},"end":{"line":28,"column":72}},{"start":{"line":28,"column":75},"end":{"line":28,"column":76}}],"line":28},"1":{"loc":{"start":{"line":30,"column":55},"end":{"line":30,"column":78}},"type":"cond-expr","locations":[{"start":{"line":30,"column":66},"end":{"line":30,"column":74}},{"start":{"line":30,"column":77},"end":{"line":30,"column":78}}],"line":30},"2":{"loc":{"start":{"line":32,"column":59},"end":{"line":32,"column":82}},"type":"cond-expr","locations":[{"start":{"line":32,"column":70},"end":{"line":32,"column":78}},{"start":{"line":32,"column":81},"end":{"line":32,"column":82}}],"line":32},"3":{"loc":{"start":{"line":40,"column":8},"end":{"line":44,"column":9}},"type":"if","locations":[{"start":{"line":40,"column":8},"end":{"line":44,"column":9}},{"start":{"line":42,"column":15},"end":{"line":44,"column":9}}],"line":40},"4":{"loc":{"start":{"line":42,"column":15},"end":{"line":44,"column":9}},"type":"if","locations":[{"start":{"line":42,"column":15},"end":{"line":44,"column":9}},{"start":{},"end":{}}],"line":42},"5":{"loc":{"start":{"line":49,"column":40},"end":{"line":49,"column":74}},"type":"cond-expr","locations":[{"start":{"line":49,"column":57},"end":{"line":49,"column":70}},{"start":{"line":49,"column":73},"end":{"line":49,"column":74}}],"line":49},"6":{"loc":{"start":{"line":53,"column":40},"end":{"line":53,"column":74}},"type":"cond-expr","locations":[{"start":{"line":53,"column":56},"end":{"line":53,"column":69}},{"start":{"line":53,"column":72},"end":{"line":53,"column":74}}],"line":53},"7":{"loc":{"start":{"line":61,"column":8},"end":{"line":70,"column":9}},"type":"if","locations":[{"start":{"line":61,"column":8},"end":{"line":70,"column":9}},{"start":{},"end":{}}],"line":61},"8":{"loc":{"start":{"line":65,"column":12},"end":{"line":67,"column":13}},"type":"if","locations":[{"start":{"line":65,"column":12},"end":{"line":67,"column":13}},{"start":{},"end":{}}],"line":65},"9":{"loc":{"start":{"line":117,"column":13},"end":{"line":192,"column":13}},"type":"binary-expr","locations":[{"start":{"line":117,"column":13},"end":{"line":117,"column":29}},{"start":{"line":118,"column":16},"end":{"line":191,"column":22}}],"line":117},"10":{"loc":{"start":{"line":122,"column":70},"end":{"line":122,"column":158}},"type":"cond-expr","locations":[{"start":{"line":122,"column":98},"end":{"line":122,"column":140}},{"start":{"line":122,"column":143},"end":{"line":122,"column":158}}],"line":122},"11":{"loc":{"start":{"line":129,"column":70},"end":{"line":129,"column":154}},"type":"cond-expr","locations":[{"start":{"line":129,"column":96},"end":{"line":129,"column":136}},{"start":{"line":129,"column":139},"end":{"line":129,"column":154}}],"line":129},"12":{"loc":{"start":{"line":136,"column":70},"end":{"line":136,"column":157}},"type":"cond-expr","locations":[{"start":{"line":136,"column":97},"end":{"line":136,"column":139}},{"start":{"line":136,"column":142},"end":{"line":136,"column":157}}],"line":136},"13":{"loc":{"start":{"line":143,"column":21},"end":{"line":190,"column":21}},"type":"binary-expr","locations":[{"start":{"line":143,"column":21},"end":{"line":143,"column":46}},{"start":{"line":144,"column":24},"end":{"line":189,"column":30}}],"line":143},"14":{"loc":{"start":{"line":164,"column":40},"end":{"line":166,"column":94}},"type":"binary-expr","locations":[{"start":{"line":164,"column":40},"end":{"line":164,"column":66}},{"start":{"line":165,"column":40},"end":{"line":165,"column":85}},{"start":{"line":166,"column":40},"end":{"line":166,"column":94}}],"line":164},"15":{"loc":{"start":{"line":168,"column":40},"end":{"line":170,"column":94}},"type":"binary-expr","locations":[{"start":{"line":168,"column":40},"end":{"line":168,"column":66}},{"start":{"line":169,"column":40},"end":{"line":169,"column":85}},{"start":{"line":170,"column":40},"end":{"line":170,"column":94}}],"line":168},"16":{"loc":{"start":{"line":177,"column":76},"end":{"line":181,"column":81}},"type":"cond-expr","locations":[{"start":{"line":178,"column":50},"end":{"line":178,"column":96}},{"start":{"line":179,"column":50},"end":{"line":181,"column":81}}],"line":177},"17":{"loc":{"start":{"line":179,"column":50},"end":{"line":181,"column":81}},"type":"cond-expr","locations":[{"start":{"line":180,"column":54},"end":{"line":180,"column":78}},{"start":{"line":181,"column":54},"end":{"line":181,"column":81}}],"line":179},"18":{"loc":{"start":{"line":179,"column":50},"end":{"line":179,"column":94}},"type":"binary-expr","locations":[{"start":{"line":179,"column":50},"end":{"line":179,"column":70}},{"start":{"line":179,"column":74},"end":{"line":179,"column":94}}],"line":179},"19":{"loc":{"start":{"line":194,"column":13},"end":{"line":202,"column":13}},"type":"binary-expr","locations":[{"start":{"line":194,"column":14},"end":{"line":194,"column":28}},{"start":{"line":194,"column":32},"end":{"line":194,"column":48}},{"start":{"line":195,"column":16},"end":{"line":201,"column":23}}],"line":194},"20":{"loc":{"start":{"line":204,"column":13},"end":{"line":263,"column":13}},"type":"binary-expr","locations":[{"start":{"line":204,"column":13},"end":{"line":204,"column":27}},{"start":{"line":205,"column":16},"end":{"line":262,"column":22}}],"line":204}},"s":{"0":1,"1":7,"2":7,"3":7,"4":7,"5":7,"6":7,"7":7,"8":7,"9":7,"10":7,"11":7,"12":7,"13":1,"14":1,"15":7,"16":1,"17":7,"18":1,"19":1,"20":7,"21":0,"22":0,"23":7,"24":1,"25":1,"26":7,"27":0,"28":0,"29":7,"30":0,"31":0,"32":7,"33":0,"34":0,"35":7,"36":0,"37":7,"38":1,"39":1,"40":1,"41":0,"42":0,"43":1,"44":7,"45":0,"46":0,"47":7,"48":0,"49":0,"50":7,"51":1,"52":7,"53":62,"54":0,"55":0,"56":0,"57":0,"58":0,"59":62,"60":7,"61":1,"62":0,"63":0,"64":0,"65":0,"66":31,"67":31,"68":31,"69":31,"70":1,"71":0,"72":0},"f":{"0":7,"1":1,"2":1,"3":1,"4":1,"5":0,"6":0,"7":1,"8":1,"9":0,"10":0,"11":0,"12":0,"13":0,"14":0,"15":0,"16":1,"17":0,"18":0,"19":0,"20":0,"21":1,"22":62,"23":1,"24":0,"25":0,"26":0,"27":0,"28":31,"29":1,"30":0},"b":{"0":[0,0],"1":[0,0],"2":[0,0],"3":[1,0],"4":[0,0],"5":[0,0],"6":[0,0],"7":[0,62],"8":[0,0],"9":[7,1],"10":[1,0],"11":[0,1],"12":[0,1],"13":[1,1],"14":[31,31,1],"15":[31,0,0],"16":[0,31],"17":[1,30],"18":[31,30],"19":[7,4,4],"20":[7,3]},"_coverageSchema":"1a1c01bbd47fc00a2c39e90264f33305004495a9","hash":"816b71a63547b6ab66f68050225df168198220b6"}
}
