{"total": {"lines":{"total":109,"covered":90,"skipped":0,"pct":82.56},"statements":{"total":116,"covered":94,"skipped":0,"pct":81.03},"functions":{"total":32,"covered":27,"skipped":0,"pct":84.37},"branches":{"total":74,"covered":53,"skipped":0,"pct":71.62},"branchesTrue":{"total":0,"covered":0,"skipped":0,"pct":"Unknown"}}
,"D:\\SQA-UNIT-TEST\\agoda-fe\\src-under-test\\components\\Chatbot\\Chatbot.jsx": {"lines":{"total":77,"covered":64,"skipped":0,"pct":83.11},"functions":{"total":22,"covered":19,"skipped":0,"pct":86.36},"statements":{"total":83,"covered":68,"skipped":0,"pct":81.92},"branches":{"total":22,"covered":15,"skipped":0,"pct":68.18}}
,"D:\\SQA-UNIT-TEST\\agoda-fe\\src-under-test\\components\\Chatbot\\ChatbotMessage.jsx": {"lines":{"total":18,"covered":15,"skipped":0,"pct":83.33},"functions":{"total":5,"covered":4,"skipped":0,"pct":80},"statements":{"total":19,"covered":15,"skipped":0,"pct":78.94},"branches":{"total":37,"covered":24,"skipped":0,"pct":64.86}}
,"D:\\SQA-UNIT-TEST\\agoda-fe\\src-under-test\\components\\Chatbot\\MessageChatbotInput.jsx": {"lines":{"total":14,"covered":11,"skipped":0,"pct":78.57},"functions":{"total":5,"covered":4,"skipped":0,"pct":80},"statements":{"total":14,"covered":11,"skipped":0,"pct":78.57},"branches":{"total":15,"covered":14,"skipped":0,"pct":93.33}}
}
