{"D:\\SQA-UNIT-TEST\\agoda-fe\\src-under-test\\components\\Activity\\BackgroundActivity.jsx": {"path":"D:\\SQA-UNIT-TEST\\agoda-fe\\src-under-test\\components\\Activity\\BackgroundActivity.jsx","statementMap":{"0":{"start":{"line":6,"column":27},"end":{"line":54,"column":1}},"1":{"start":{"line":7,"column":4},"end":{"line":53,"column":6}}},"fnMap":{"0":{"name":"(anonymous_0)","decl":{"start":{"line":6,"column":27},"end":{"line":6,"column":28}},"loc":{"start":{"line":6,"column":33},"end":{"line":54,"column":1}},"line":6}},"branchMap":{},"s":{"0":1,"1":1},"f":{"0":1},"b":{},"_coverageSchema":"1a1c01bbd47fc00a2c39e90264f33305004495a9","hash":"b0742459054f924182393defae60127ff3f5fb4b"}
,"D:\\SQA-UNIT-TEST\\agoda-fe\\src-under-test\\components\\Activity\\ExploreLocationNearby.jsx": {"path":"D:\\SQA-UNIT-TEST\\agoda-fe\\src-under-test\\components\\Activity\\ExploreLocationNearby.jsx","statementMap":{"0":{"start":{"line":7,"column":30},"end":{"line":56,"column":1}},"1":{"start":{"line":8,"column":32},"end":{"line":8,"column":44}},"2":{"start":{"line":10,"column":4},"end":{"line":22,"column":11}},"3":{"start":{"line":11,"column":26},"end":{"line":20,"column":9}},"4":{"start":{"line":12,"column":12},"end":{"line":19,"column":13}},"5":{"start":{"line":13,"column":28},"end":{"line":13,"column":67}},"6":{"start":{"line":14,"column":16},"end":{"line":16,"column":17}},"7":{"start":{"line":15,"column":20},"end":{"line":15,"column":46}},"8":{"start":{"line":18,"column":16},"end":{"line":18,"column":71}},"9":{"start":{"line":21,"column":8},"end":{"line":21,"column":20}},"10":{"start":{"line":24,"column":4},"end":{"line":55,"column":6}},"11":{"start":{"line":39,"column":28},"end":{"line":49,"column":42}}},"fnMap":{"0":{"name":"(anonymous_0)","decl":{"start":{"line":7,"column":30},"end":{"line":7,"column":31}},"loc":{"start":{"line":7,"column":36},"end":{"line":56,"column":1}},"line":7},"1":{"name":"(anonymous_1)","decl":{"start":{"line":10,"column":14},"end":{"line":10,"column":15}},"loc":{"start":{"line":10,"column":20},"end":{"line":22,"column":5}},"line":10},"2":{"name":"(anonymous_2)","decl":{"start":{"line":11,"column":26},"end":{"line":11,"column":27}},"loc":{"start":{"line":11,"column":38},"end":{"line":20,"column":9}},"line":11},"3":{"name":"(anonymous_3)","decl":{"start":{"line":38,"column":36},"end":{"line":38,"column":37}},"loc":{"start":{"line":39,"column":28},"end":{"line":49,"column":42}},"line":39}},"branchMap":{"0":{"loc":{"start":{"line":14,"column":16},"end":{"line":16,"column":17}},"type":"if","locations":[{"start":{"line":14,"column":16},"end":{"line":16,"column":17}},{"start":{},"end":{}}],"line":14},"1":{"loc":{"start":{"line":15,"column":30},"end":{"line":15,"column":44}},"type":"binary-expr","locations":[{"start":{"line":15,"column":30},"end":{"line":15,"column":38}},{"start":{"line":15,"column":42},"end":{"line":15,"column":44}}],"line":15}},"s":{"0":1,"1":3,"2":3,"3":2,"4":2,"5":2,"6":2,"7":1,"8":0,"9":2,"10":3,"11":2},"f":{"0":3,"1":2,"2":2,"3":2},"b":{"0":[1,1],"1":[1,0]},"_coverageSchema":"1a1c01bbd47fc00a2c39e90264f33305004495a9","hash":"867050783363e3afb250ebcbb7fa8e1354fd3e56"}
,"D:\\SQA-UNIT-TEST\\agoda-fe\\src-under-test\\components\\Activity\\TopActivity.jsx": {"path":"D:\\SQA-UNIT-TEST\\agoda-fe\\src-under-test\\components\\Activity\\TopActivity.jsx","statementMap":{"0":{"start":{"line":12,"column":20},"end":{"line":116,"column":1}},"1":{"start":{"line":13,"column":21},"end":{"line":13,"column":37}},"2":{"start":{"line":14,"column":23},"end":{"line":14,"column":69}},"3":{"start":{"line":14,"column":49},"end":{"line":14,"column":68}},"4":{"start":{"line":16,"column":4},"end":{"line":20,"column":11}},"5":{"start":{"line":17,"column":8},"end":{"line":19,"column":10}},"6":{"start":{"line":22,"column":4},"end":{"line":115,"column":6}},"7":{"start":{"line":36,"column":28},"end":{"line":109,"column":42}}},"fnMap":{"0":{"name":"(anonymous_0)","decl":{"start":{"line":12,"column":20},"end":{"line":12,"column":21}},"loc":{"start":{"line":12,"column":26},"end":{"line":116,"column":1}},"line":12},"1":{"name":"(anonymous_1)","decl":{"start":{"line":14,"column":38},"end":{"line":14,"column":39}},"loc":{"start":{"line":14,"column":49},"end":{"line":14,"column":68}},"line":14},"2":{"name":"(anonymous_2)","decl":{"start":{"line":16,"column":14},"end":{"line":16,"column":15}},"loc":{"start":{"line":16,"column":20},"end":{"line":20,"column":5}},"line":16},"3":{"name":"(anonymous_3)","decl":{"start":{"line":35,"column":40},"end":{"line":35,"column":41}},"loc":{"start":{"line":36,"column":28},"end":{"line":109,"column":42}},"line":36}},"branchMap":{},"s":{"0":1,"1":2,"2":2,"3":2,"4":2,"5":2,"6":2,"7":1},"f":{"0":2,"1":2,"2":2,"3":1},"b":{},"_coverageSchema":"1a1c01bbd47fc00a2c39e90264f33305004495a9","hash":"a7e2c92c56b8e6f2664a3059fd2b57506cb62165"}
,"D:\\SQA-UNIT-TEST\\agoda-fe\\src-under-test\\components\\Activity\\WhyChooseAgoda.jsx": {"path":"D:\\SQA-UNIT-TEST\\agoda-fe\\src-under-test\\components\\Activity\\WhyChooseAgoda.jsx","statementMap":{"0":{"start":{"line":6,"column":23},"end":{"line":55,"column":1}},"1":{"start":{"line":7,"column":18},"end":{"line":26,"column":5}},"2":{"start":{"line":28,"column":4},"end":{"line":54,"column":6}},"3":{"start":{"line":36,"column":24},"end":{"line":49,"column":30}}},"fnMap":{"0":{"name":"(anonymous_0)","decl":{"start":{"line":6,"column":23},"end":{"line":6,"column":24}},"loc":{"start":{"line":6,"column":29},"end":{"line":55,"column":1}},"line":6},"1":{"name":"(anonymous_1)","decl":{"start":{"line":35,"column":31},"end":{"line":35,"column":32}},"loc":{"start":{"line":36,"column":24},"end":{"line":49,"column":30}},"line":36}},"branchMap":{},"s":{"0":1,"1":1,"2":1,"3":3},"f":{"0":1,"1":3},"b":{},"_coverageSchema":"1a1c01bbd47fc00a2c39e90264f33305004495a9","hash":"5fe767cbfeb26531a0977009711915618668fc32"}
,"D:\\SQA-UNIT-TEST\\agoda-fe\\src-under-test\\components\\Activity\\index.jsx": {"path":"D:\\SQA-UNIT-TEST\\agoda-fe\\src-under-test\\components\\Activity\\index.jsx","statementMap":{"0":{"start":{"line":7,"column":17},"end":{"line":16,"column":1}},"1":{"start":{"line":8,"column":4},"end":{"line":15,"column":6}}},"fnMap":{"0":{"name":"(anonymous_0)","decl":{"start":{"line":7,"column":17},"end":{"line":7,"column":18}},"loc":{"start":{"line":7,"column":23},"end":{"line":16,"column":1}},"line":7}},"branchMap":{},"s":{"0":1,"1":1},"f":{"0":1},"b":{},"_coverageSchema":"1a1c01bbd47fc00a2c39e90264f33305004495a9","hash":"1d9fb540dce18f58ec99b48a15df5bedbf98f372"}
}
