TN:
SF:src-under-test\components\TravelGuide\ReviewHandbook.jsx
FN:3,(anonymous_0)
FNF:1
FNH:1
FNDA:4,(anonymous_0)
DA:3,1
DA:4,4
LF:2
LH:2
BRF:0
BRH:0
end_of_record
TN:
SF:src-under-test\components\TravelGuide\TravelGuide.jsx
FN:9,(anonymous_0)
FN:23,(anonymous_1)
FN:30,(anonymous_2)
FN:34,(anonymous_3)
FN:42,(anonymous_4)
FN:49,(anonymous_5)
FN:56,(anonymous_6)
FN:63,(anonymous_7)
FN:75,(anonymous_8)
FN:76,(anonymous_9)
FN:89,(anonymous_10)
FN:94,(anonymous_11)
FN:104,(anonymous_12)
FN:111,(anonymous_13)
FN:123,(anonymous_14)
FNF:15
FNH:14
FNDA:7,(anonymous_0)
FNDA:2,(anonymous_1)
FNDA:6,(anonymous_2)
FNDA:6,(anonymous_3)
FNDA:2,(anonymous_4)
FNDA:2,(anonymous_5)
FNDA:2,(anonymous_6)
FNDA:4,(anonymous_7)
FNDA:1,(anonymous_8)
FNDA:1,(anonymous_9)
FNDA:0,(anonymous_10)
FNDA:1,(anonymous_11)
FNDA:1,(anonymous_12)
FNDA:1,(anonymous_13)
FNDA:1,(anonymous_14)
DA:9,1
DA:10,7
DA:11,7
DA:12,7
DA:13,7
DA:14,7
DA:15,7
DA:21,7
DA:23,7
DA:24,2
DA:25,2
DA:26,2
DA:30,7
DA:31,6
DA:32,6
DA:33,6
DA:34,6
DA:42,7
DA:43,2
DA:44,2
DA:45,2
DA:49,7
DA:50,2
DA:51,2
DA:52,2
DA:56,7
DA:57,2
DA:58,2
DA:59,2
DA:60,2
DA:63,7
DA:64,4
DA:65,2
DA:69,2
DA:75,7
DA:76,1
DA:83,7
DA:89,0
DA:95,1
DA:105,1
DA:112,1
DA:124,1
LF:42
LH:41
BRDA:25,0,0,2
BRDA:25,0,1,0
BRDA:32,1,0,6
BRDA:32,1,1,0
BRDA:44,2,0,2
BRDA:44,2,1,0
BRDA:51,3,0,2
BRDA:51,3,1,0
BRDA:64,4,0,2
BRDA:64,4,1,2
BRF:10
BRH:6
end_of_record
TN:
SF:src-under-test\components\TravelGuide\TravelGuideCity.jsx
FN:9,(anonymous_0)
FN:23,(anonymous_1)
FN:28,(anonymous_2)
FN:35,(anonymous_3)
FN:39,(anonymous_4)
FN:47,(anonymous_5)
FN:55,(anonymous_6)
FN:69,(anonymous_7)
FN:70,(anonymous_8)
FN:79,(anonymous_9)
FN:83,(anonymous_10)
FN:95,(anonymous_11)
FNF:12
FNH:9
FNDA:6,(anonymous_0)
FNDA:2,(anonymous_1)
FNDA:2,(anonymous_2)
FNDA:3,(anonymous_3)
FNDA:3,(anonymous_4)
FNDA:2,(anonymous_5)
FNDA:3,(anonymous_6)
FNDA:0,(anonymous_7)
FNDA:0,(anonymous_8)
FNDA:0,(anonymous_9)
FNDA:1,(anonymous_10)
FNDA:3,(anonymous_11)
DA:9,1
DA:10,6
DA:11,6
DA:12,6
DA:13,6
DA:14,6
DA:15,6
DA:21,6
DA:23,6
DA:24,2
DA:25,2
DA:28,6
DA:29,2
DA:32,2
DA:35,6
DA:36,3
DA:37,3
DA:38,3
DA:39,3
DA:47,6
DA:48,2
DA:49,2
DA:50,2
DA:51,2
DA:55,6
DA:56,3
DA:57,3
DA:58,2
DA:62,1
DA:69,6
DA:70,0
DA:73,6
DA:79,0
DA:84,1
DA:96,3
LF:35
LH:33
BRDA:25,0,0,2
BRDA:25,0,1,0
BRDA:32,1,0,2
BRDA:32,1,1,0
BRDA:37,2,0,3
BRDA:37,2,1,0
BRDA:48,3,0,2
BRDA:48,3,1,0
BRDA:56,4,0,3
BRDA:56,4,1,0
BRDA:57,5,0,2
BRDA:57,5,1,1
BRDA:93,6,0,3
BRDA:93,6,1,3
BRF:14
BRH:9
end_of_record
TN:
SF:src-under-test\components\TravelGuide\TravelGuideCountry.jsx
FN:13,(anonymous_0)
FN:28,(anonymous_1)
FN:33,(anonymous_2)
FN:40,(anonymous_3)
FN:45,(anonymous_4)
FN:49,(anonymous_5)
FN:57,(anonymous_6)
FN:66,(anonymous_7)
FN:80,(anonymous_8)
FN:81,(anonymous_9)
FN:90,(anonymous_10)
FN:94,(anonymous_11)
FN:103,(anonymous_12)
FN:112,(anonymous_13)
FNF:14
FNH:11
FNDA:6,(anonymous_0)
FNDA:2,(anonymous_1)
FNDA:2,(anonymous_2)
FNDA:2,(anonymous_3)
FNDA:3,(anonymous_4)
FNDA:3,(anonymous_5)
FNDA:2,(anonymous_6)
FNDA:3,(anonymous_7)
FNDA:0,(anonymous_8)
FNDA:0,(anonymous_9)
FNDA:0,(anonymous_10)
FNDA:1,(anonymous_11)
FNDA:1,(anonymous_12)
FNDA:3,(anonymous_13)
DA:13,1
DA:14,6
DA:15,6
DA:16,6
DA:17,6
DA:18,6
DA:19,6
DA:20,6
DA:26,6
DA:28,6
DA:29,2
DA:30,2
DA:33,6
DA:34,2
DA:37,2
DA:40,6
DA:41,2
DA:42,2
DA:45,6
DA:46,3
DA:47,3
DA:48,3
DA:49,3
DA:57,6
DA:58,2
DA:59,2
DA:60,2
DA:61,2
DA:62,2
DA:66,6
DA:67,3
DA:68,3
DA:69,2
DA:73,1
DA:80,6
DA:81,0
DA:84,6
DA:90,0
DA:95,1
DA:104,1
DA:113,3
LF:41
LH:39
BRDA:30,0,0,2
BRDA:30,0,1,0
BRDA:47,1,0,3
BRDA:47,1,1,0
BRDA:58,2,0,2
BRDA:58,2,1,0
BRDA:67,3,0,3
BRDA:67,3,1,0
BRDA:68,4,0,2
BRDA:68,4,1,1
BRDA:110,5,0,3
BRDA:110,5,1,3
BRF:12
BRH:8
end_of_record
TN:
SF:src-under-test\components\TravelGuide\TravelGuideDetail.jsx
FN:17,TravelGuideDetail
FN:24,(anonymous_1)
FN:29,(anonymous_2)
FN:34,(anonymous_3)
FN:39,(anonymous_4)
FN:44,(anonymous_5)
FN:66,(anonymous_6)
FN:76,(anonymous_7)
FN:108,(anonymous_8)
FNF:9
FNH:9
FNDA:4,TravelGuideDetail
FNDA:2,(anonymous_1)
FNDA:2,(anonymous_2)
FNDA:2,(anonymous_3)
FNDA:2,(anonymous_4)
FNDA:2,(anonymous_5)
FNDA:2,(anonymous_6)
FNDA:4,(anonymous_7)
FNDA:1,(anonymous_8)
DA:18,4
DA:19,4
DA:20,4
DA:21,4
DA:22,4
DA:24,4
DA:25,2
DA:26,2
DA:29,4
DA:30,2
DA:31,2
DA:34,4
DA:35,2
DA:36,2
DA:39,4
DA:40,2
DA:41,2
DA:44,4
DA:45,2
DA:46,2
DA:47,1
DA:48,1
DA:56,1
DA:66,4
DA:67,2
DA:68,2
DA:69,2
DA:70,2
DA:71,2
DA:72,2
DA:76,4
DA:77,4
DA:78,2
DA:82,4
DA:109,1
LF:35
LH:35
BRDA:26,0,0,2
BRDA:26,0,1,0
BRDA:31,1,0,2
BRDA:31,1,1,0
BRDA:36,2,0,2
BRDA:36,2,1,0
BRDA:41,3,0,2
BRDA:41,3,1,0
BRDA:46,4,0,1
BRDA:46,4,1,1
BRDA:67,5,0,2
BRDA:67,5,1,0
BRDA:67,6,0,2
BRDA:67,6,1,2
BRDA:67,6,2,2
BRDA:77,7,0,2
BRDA:77,7,1,2
BRDA:94,8,0,4
BRDA:94,8,1,2
BRDA:95,9,0,4
BRDA:95,9,1,1
BRF:21
BRH:16
end_of_record
